This is pdfTeX, Version 3.141592653-2.6-1.40.22 (MiKTeX 21.6.28) (preloaded format=pdflatex 2021.7.5)  10 JUL 2021 20:46
entering extended mode
**"./IBM_Capstone - La Batalla de los Vecindarios (Semana 1).tex"
(IBM_Capstone - La Batalla de los Vecindarios (Semana 1).tex
LaTeX2e <2021-06-01> patch level 1
L3 programming layer <2021-06-18>
(C:\Program Files\MiKTeX 2.9\tex/latex/base\article.cls
Document Class: article 2021/02/12 v1.4n Standard LaTeX document class
(C:\Program Files\MiKTeX 2.9\tex/latex/base\size10.clo
File: size10.clo 2021/02/12 v1.4n Standard LaTeX file (size option)
)
\c@part=\count182
\c@section=\count183
\c@subsection=\count184
\c@subsubsection=\count185
\c@paragraph=\count186
\c@subparagraph=\count187
\c@figure=\count188
\c@table=\count189
\abovecaptionskip=\skip47
\belowcaptionskip=\skip48
\bibindent=\dimen138
)
(C:\Program Files\MiKTeX 2.9\tex/generic/babel\babel.sty
Package: babel 2021/06/28 3.61 The Babel package

(C:\Program Files\MiKTeX 2.9\tex/generic/babel\babel.def
File: babel.def 2021/06/28 3.61 Babel common definitions
\babel@savecnt=\count190
\U@D=\dimen139
\l@unhyphenated=\language83

(C:\Program Files\MiKTeX 2.9\tex/generic/babel\txtbabel.def)
\bbl@readstream=\read2
)
\bbl@dirlevel=\count191

*************************************
* Local config file bblopts.cfg used
*
(C:\Program Files\MiKTeX 2.9\tex/latex/arabi\bblopts.cfg
File: bblopts.cfg 2005/09/08 v0.1 add Arabic and Farsi to "declared" options of
 babel
)
(C:\Program Files\MiKTeX 2.9\tex/latex/babel-spanish\spanish.ldf
Language: spanish.ldf 2021/05/27 v5.0q Spanish support from the babel system
\es@quottoks=\toks16
\es@quotdepth=\count192
Package babel Info: Making " an active character on input line 570.
Package babel Info: Making . an active character on input line 675.
Package babel Info: Making < an active character on input line 722.
Package babel Info: Making > an active character on input line 722.
))
(C:\Program Files\MiKTeX 2.9\tex/latex/base\fontenc.sty
Package: fontenc 2021/04/29 v2.0v Standard LaTeX package
)
(C:\Program Files\MiKTeX 2.9\tex/latex/base\inputenc.sty
Package: inputenc 2021/02/14 v1.3d Input encoding file
\inpenc@prehook=\toks17
\inpenc@posthook=\toks18
)
(C:\Program Files\MiKTeX 2.9\tex/latex/listingsutf8\listingsutf8.sty
Package: listingsutf8 2019-12-10 v1.5 Allow UTF-8 in listings input (HO)

(C:\Program Files\MiKTeX 2.9\tex/latex/listings\listings.sty
(C:\Program Files\MiKTeX 2.9\tex/latex/graphics\keyval.sty
Package: keyval 2014/10/28 v1.15 key=value parser (DPC)
\KV@toks@=\toks19
)
\lst@mode=\count193
\lst@gtempboxa=\box50
\lst@token=\toks20
\lst@length=\count194
\lst@currlwidth=\dimen140
\lst@column=\count195
\lst@pos=\count196
\lst@lostspace=\dimen141
\lst@width=\dimen142
\lst@newlines=\count197
\lst@lineno=\count198
\lst@maxwidth=\dimen143

(C:\Program Files\MiKTeX 2.9\tex/latex/listings\lstmisc.sty
File: lstmisc.sty 2020/03/24 1.8d (Carsten Heinz)
\c@lstnumber=\count199
\lst@skipnumbers=\count266
\lst@framebox=\box51
)
(C:\Program Files\MiKTeX 2.9\tex/latex/listings\listings.cfg
File: listings.cfg 2020/03/24 1.8d listings configuration
))
Package: listings 2020/03/24 1.8d (Carsten Heinz)

(C:\Program Files\MiKTeX 2.9\tex/generic/pdftexcmds\pdftexcmds.sty
Package: pdftexcmds 2020-06-27 v0.33 Utility functions of pdfTeX for LuaTeX (HO
)

(C:\Program Files\MiKTeX 2.9\tex/generic/infwarerr\infwarerr.sty
Package: infwarerr 2019/12/03 v1.5 Providing info/warning/error messages (HO)
)
(C:\Program Files\MiKTeX 2.9\tex/generic/iftex\iftex.sty
Package: iftex 2020/03/06 v1.0d TeX engine tests
)
(C:\Program Files\MiKTeX 2.9\tex/generic/ltxcmds\ltxcmds.sty
Package: ltxcmds 2020-05-10 v1.25 LaTeX kernel commands for general use (HO)
)
Package pdftexcmds Info: \pdf@primitive is available.
Package pdftexcmds Info: \pdf@ifprimitive is available.
Package pdftexcmds Info: \pdfdraftmode found.
)
(C:\Program Files\MiKTeX 2.9\tex/generic/stringenc\stringenc.sty
Package: stringenc 2019/11/29 v1.12 Convert strings between diff. encodings (HO
)

(C:\Program Files\MiKTeX 2.9\tex/generic/pdfescape\pdfescape.sty
Package: pdfescape 2019/12/09 v1.15 Implements pdfTeX's escape features (HO)
)))
(C:\Program Files\MiKTeX 2.9\tex/latex/graphics\graphicx.sty
Package: graphicx 2020/12/05 v1.2c Enhanced LaTeX Graphics (DPC,SPQR)

(C:\Program Files\MiKTeX 2.9\tex/latex/graphics\graphics.sty
Package: graphics 2021/03/04 v1.4d Standard LaTeX Graphics (DPC,SPQR)

(C:\Program Files\MiKTeX 2.9\tex/latex/graphics\trig.sty
Package: trig 2016/01/03 v1.10 sin cos tan (DPC)
)
(C:\Program Files\MiKTeX 2.9\tex/latex/graphics-cfg\graphics.cfg
File: graphics.cfg 2016/06/04 v1.11 sample graphics configuration
)
Package graphics Info: Driver file: pdftex.def on input line 107.

(C:\Program Files\MiKTeX 2.9\tex/latex/graphics-def\pdftex.def
File: pdftex.def 2020/10/05 v1.2a Graphics/color driver for pdftex
))
\Gin@req@height=\dimen144
\Gin@req@width=\dimen145
)
(C:\Program Files\MiKTeX 2.9\tex/latex/float\float.sty
Package: float 2001/11/08 v1.3d Float enhancements (AL)
\c@float@type=\count267
\float@exts=\toks21
\float@box=\box52
\@float@everytoks=\toks22
\@floatcapt=\box53
)
(C:\Program Files\MiKTeX 2.9\tex/latex/xcolor\xcolor.sty
Package: xcolor 2016/05/11 v2.12 LaTeX color extensions (UK)

(C:\Program Files\MiKTeX 2.9\tex/latex/graphics-cfg\color.cfg
File: color.cfg 2016/01/02 v1.6 sample color configuration
)
Package xcolor Info: Driver file: pdftex.def on input line 225.
Package xcolor Info: Model `cmy' substituted by `cmy0' on input line 1348.
Package xcolor Info: Model `hsb' substituted by `rgb' on input line 1352.
Package xcolor Info: Model `RGB' extended on input line 1364.
Package xcolor Info: Model `HTML' substituted by `rgb' on input line 1366.
Package xcolor Info: Model `Hsb' substituted by `hsb' on input line 1367.
Package xcolor Info: Model `tHsb' substituted by `hsb' on input line 1368.
Package xcolor Info: Model `HSB' substituted by `hsb' on input line 1369.
Package xcolor Info: Model `Gray' substituted by `gray' on input line 1370.
Package xcolor Info: Model `wave' substituted by `hsb' on input line 1371.
) (minted.sty
Package: minted 2017/07/19 v2.5 Yet another Pygments shim for LaTeX

(C:\Program Files\MiKTeX 2.9\tex/latex/kvoptions\kvoptions.sty
Package: kvoptions 2020-10-07 v3.14 Key value format for package options (HO)

(C:\Program Files\MiKTeX 2.9\tex/generic/kvsetkeys\kvsetkeys.sty
Package: kvsetkeys 2019/12/15 v1.18 Key value parser (HO)
))
(C:\Program Files\MiKTeX 2.9\tex/latex/fvextra\fvextra.sty
Package: fvextra 2019/02/04 v1.4 fvextra - extensions and patches for fancyvrb

(C:\Program Files\MiKTeX 2.9\tex/latex/base\ifthen.sty
Package: ifthen 2020/11/24 v1.1c Standard LaTeX ifthen package (DPC)
)
(C:\Program Files\MiKTeX 2.9\tex/latex/etoolbox\etoolbox.sty
Package: etoolbox 2020/10/05 v2.5k e-TeX tools for LaTeX (JAW)
\etb@tempcnta=\count268
)
(C:\Program Files\MiKTeX 2.9\tex/latex/fancyvrb\fancyvrb.sty
Package: fancyvrb 2021/01/20 v3.7 verbatim text (tvz,hv)
\FV@CodeLineNo=\count269
\FV@InFile=\read3
\FV@TabBox=\box54
\c@FancyVerbLine=\count270
\FV@StepNumber=\count271
\FV@OutFile=\write3
)
(C:\Program Files\MiKTeX 2.9\tex/latex/upquote\upquote.sty
Package: upquote 2012/04/19 v1.3 upright-quote and grave-accent glyphs in verba
tim

(C:\Program Files\MiKTeX 2.9\tex/latex/base\textcomp.sty
Package: textcomp 2020/02/02 v2.0n Standard LaTeX package
))
(C:\Program Files\MiKTeX 2.9\tex/latex/lineno\lineno.sty
Package: lineno 2005/11/02 line numbers on paragraphs v4.41
\linenopenalty=\count272
\output=\toks23
\linenoprevgraf=\count273
\linenumbersep=\dimen146
\linenumberwidth=\dimen147
\c@linenumber=\count274
\c@pagewiselinenumber=\count275
\c@LN@truepage=\count276
\c@internallinenumber=\count277
\c@internallinenumbers=\count278
\quotelinenumbersep=\dimen148
\bframerule=\dimen149
\bframesep=\dimen150
\bframebox=\box55
LaTeX Info: Redefining \\ on input line 3056.
)
\c@FV@TrueTabGroupLevel=\count279
\c@FV@TrueTabCounter=\count280
\FV@TabBox@Group=\box56
\FV@TmpLength=\skip49
\c@FV@HighlightLinesStart=\count281
\c@FV@HighlightLinesStop=\count282
\FV@LoopCount=\count283
\FV@NCharsBox=\box57
\FV@BreakIndent=\dimen151
\FV@BreakIndentNChars=\count284
\FV@BreakSymbolSepLeft=\dimen152
\FV@BreakSymbolSepLeftNChars=\count285
\FV@BreakSymbolSepRight=\dimen153
\FV@BreakSymbolSepRightNChars=\count286
\FV@BreakSymbolIndentLeft=\dimen154
\FV@BreakSymbolIndentLeftNChars=\count287
\FV@BreakSymbolIndentRight=\dimen155
\FV@BreakSymbolIndentRightNChars=\count288
\c@FancyVerbLineBreakLast=\count289
\FV@LineBox=\box58
\FV@LineIndentBox=\box59
\FV@LineWidth=\dimen156
)
(C:\Program Files\MiKTeX 2.9\tex/latex/tools\calc.sty
Package: calc 2017/05/25 v4.3 Infix arithmetic (KKT,FJ)
\calc@Acount=\count290
\calc@Bcount=\count291
\calc@Adimen=\dimen157
\calc@Bdimen=\dimen158
\calc@Askip=\skip50
\calc@Bskip=\skip51
LaTeX Info: Redefining \setlength on input line 80.
LaTeX Info: Redefining \addtolength on input line 81.
\calc@Ccount=\count292
\calc@Cskip=\skip52
)
(C:\Program Files\MiKTeX 2.9\tex/latex/tools\shellesc.sty
Package: shellesc 2019/11/08 v1.0c unified shell escape interface for LaTeX
Package shellesc Info: Unrestricted shell escape enabled on input line 75.
)
(C:\Program Files\MiKTeX 2.9\tex/latex/ifplatform\ifplatform.sty
Package: ifplatform 2017/10/13 v0.4a Testing for the operating system

(C:\Program Files\MiKTeX 2.9\tex/generic/catchfile\catchfile.sty
Package: catchfile 2019/12/09 v1.8 Catch the contents of a file (HO)

(C:\Program Files\MiKTeX 2.9\tex/generic/etexcmds\etexcmds.sty
Package: etexcmds 2019/12/15 v1.7 Avoid name clashes with e-TeX commands (HO)
))
(C:\Program Files\MiKTeX 2.9\tex/generic/iftex\ifluatex.sty
Package: ifluatex 2019/10/25 v1.5 ifluatex legacy package. Use iftex instead.
))
(C:\Program Files\MiKTeX 2.9\tex/latex/xstring\xstring.sty
(C:\Program Files\MiKTeX 2.9\tex/generic/xstring\xstring.tex
\integerpart=\count293
\decimalpart=\count294
)
Package: xstring 2019/02/06 v1.83 String manipulations (CT)
)
(C:\Program Files\MiKTeX 2.9\tex/latex/framed\framed.sty
Package: framed 2011/10/22 v 0.96: framed or shaded text with page breaks
\OuterFrameSep=\skip53
\fb@frw=\dimen159
\fb@frh=\dimen160
\FrameRule=\dimen161
\FrameSep=\dimen162
)
\minted@appexistsfile=\read4
\minted@bgbox=\box60
\minted@code=\write4
\c@minted@FancyVerbLineTemp=\count295
\c@minted@pygmentizecounter=\count296
\@float@every@listing=\toks24
\c@listing=\count297
)
(C:\Program Files\MiKTeX 2.9\tex/latex/hyperref\hyperref.sty
Package: hyperref 2021-06-07 v7.00m Hypertext links for LaTeX

(C:\Program Files\MiKTeX 2.9\tex/generic/kvdefinekeys\kvdefinekeys.sty
Package: kvdefinekeys 2019-12-19 v1.6 Define keys (HO)
)
(C:\Program Files\MiKTeX 2.9\tex/latex/hycolor\hycolor.sty
Package: hycolor 2020-01-27 v1.10 Color options for hyperref/bookmark (HO)
)
(C:\Program Files\MiKTeX 2.9\tex/latex/letltxmacro\letltxmacro.sty
Package: letltxmacro 2019/12/03 v1.6 Let assignment for LaTeX macros (HO)
)
(C:\Program Files\MiKTeX 2.9\tex/latex/auxhook\auxhook.sty
Package: auxhook 2019-12-17 v1.6 Hooks for auxiliary files (HO)
)
\@linkdim=\dimen163
\Hy@linkcounter=\count298
\Hy@pagecounter=\count299

(C:\Program Files\MiKTeX 2.9\tex/latex/hyperref\pd1enc.def
File: pd1enc.def 2021-06-07 v7.00m Hyperref: PDFDocEncoding definition (HO)
Now handling font encoding PD1 ...
... no UTF-8 mapping file for font encoding PD1
)
(C:\Program Files\MiKTeX 2.9\tex/latex/hyperref\hyperref-langpatches.def
File: hyperref-langpatches.def 2021-06-07 v7.00m Hyperref: patches for babel la
nguages
)
(C:\Program Files\MiKTeX 2.9\tex/generic/intcalc\intcalc.sty
Package: intcalc 2019/12/15 v1.3 Expandable calculations with integers (HO)
)
\Hy@SavedSpaceFactor=\count300

(C:\Program Files\MiKTeX 2.9\tex/latex/hyperref\puenc.def
File: puenc.def 2021-06-07 v7.00m Hyperref: PDF Unicode definition (HO)
Now handling font encoding PU ...
... no UTF-8 mapping file for font encoding PU
)
Package hyperref Info: Option `colorlinks' set `true' on input line 4073.
Package hyperref Info: Hyper figures OFF on input line 4192.
Package hyperref Info: Link nesting OFF on input line 4197.
Package hyperref Info: Hyper index ON on input line 4200.
Package hyperref Info: Plain pages OFF on input line 4207.
Package hyperref Info: Backreferencing OFF on input line 4212.
Package hyperref Info: Implicit mode ON; LaTeX internals redefined.
Package hyperref Info: Bookmarks ON on input line 4445.
\c@Hy@tempcnt=\count301

(C:\Program Files\MiKTeX 2.9\tex/latex/url\url.sty
\Urlmuskip=\muskip16
Package: url 2013/09/16  ver 3.4  Verb mode for urls, etc.
)
LaTeX Info: Redefining \url on input line 4804.
\XeTeXLinkMargin=\dimen164

(C:\Program Files\MiKTeX 2.9\tex/generic/bitset\bitset.sty
Package: bitset 2019/12/09 v1.3 Handle bit-vector datatype (HO)

(C:\Program Files\MiKTeX 2.9\tex/generic/bigintcalc\bigintcalc.sty
Package: bigintcalc 2019/12/15 v1.5 Expandable calculations on big integers (HO
)
))
\Fld@menulength=\count302
\Field@Width=\dimen165
\Fld@charsize=\dimen166
Package hyperref Info: Hyper figures OFF on input line 6076.
Package hyperref Info: Link nesting OFF on input line 6081.
Package hyperref Info: Hyper index ON on input line 6084.
Package hyperref Info: backreferencing OFF on input line 6091.
Package hyperref Info: Link coloring ON on input line 6094.
Package hyperref Info: Link coloring with OCG OFF on input line 6101.
Package hyperref Info: PDF/A mode OFF on input line 6106.
LaTeX Info: Redefining \ref on input line 6146.
LaTeX Info: Redefining \pageref on input line 6150.

(C:\Program Files\MiKTeX 2.9\tex/latex/base\atbegshi-ltx.sty
Package: atbegshi-ltx 2021/01/10 v1.0c Emulation of the original atbegshi
package with kernel methods
)
\Hy@abspage=\count303
\c@Item=\count304
\c@Hfootnote=\count305
)
Package hyperref Info: Driver (autodetected): hpdftex.

(C:\Program Files\MiKTeX 2.9\tex/latex/hyperref\hpdftex.def
File: hpdftex.def 2021-06-07 v7.00m Hyperref driver for pdfTeX

(C:\Program Files\MiKTeX 2.9\tex/latex/base\atveryend-ltx.sty
Package: atveryend-ltx 2020/08/19 v1.0a Emulation of the original atvery packag
e
with kernel methods
)
\Fld@listcount=\count306
\c@bookmark@seq@number=\count307

(C:\Program Files\MiKTeX 2.9\tex/latex/rerunfilecheck\rerunfilecheck.sty
Package: rerunfilecheck 2019/12/05 v1.9 Rerun checks for auxiliary files (HO)

(C:\Program Files\MiKTeX 2.9\tex/generic/uniquecounter\uniquecounter.sty
Package: uniquecounter 2019/12/15 v1.4 Provide unlimited unique counter (HO)
)
Package uniquecounter Info: New unique counter `rerunfilecheck' on input line 2
86.
)
\Hy@SectionHShift=\skip54
)
runsystem(for ^%i in (pygmentize.exe pygmentize.bat pygmentize.cmd) do set > IB
M_Capstone_-_La_Batalla_de_los_Vecindarios_(Semana_1).aex <nul: /p x=^%~$PATH:i
>> IBM_Capstone_-_La_Batalla_de_los_Vecindarios_(Semana_1).aex)...executed.

runsystem(del IBM_Capstone_-_La_Batalla_de_los_Vecindarios_(Semana_1).aex)...ex
ecuted.


(C:\Program Files\MiKTeX 2.9\tex/latex/l3backend\l3backend-pdftex.def
File: l3backend-pdftex.def 2021-05-07 L3 backend support: PDF output (pdfTeX)
\l__color_backend_stack_int=\count308
\l__pdf_internal_box=\box61
)

LaTeX Warning: Unused global option(s):
    [arial].

(IBM_Capstone - La Batalla de los Vecindarios (Semana 1).aux
LaTeX Info: Redefining \. on input line 25.
LaTeX Info: Redefining \% on input line 25.
)
\openout1 = `"IBM_Capstone - La Batalla de los Vecindarios (Semana 1).aux"'.

LaTeX Font Info:    Checking defaults for OML/cmm/m/it on input line 16.
LaTeX Font Info:    ... okay on input line 16.
LaTeX Font Info:    Checking defaults for OMS/cmsy/m/n on input line 16.
LaTeX Font Info:    ... okay on input line 16.
LaTeX Font Info:    Checking defaults for OT1/cmr/m/n on input line 16.
LaTeX Font Info:    ... okay on input line 16.
LaTeX Font Info:    Checking defaults for T1/cmr/m/n on input line 16.
LaTeX Font Info:    ... okay on input line 16.
LaTeX Font Info:    Checking defaults for TS1/cmr/m/n on input line 16.
LaTeX Font Info:    ... okay on input line 16.
LaTeX Font Info:    Checking defaults for OMX/cmex/m/n on input line 16.
LaTeX Font Info:    ... okay on input line 16.
LaTeX Font Info:    Checking defaults for U/cmr/m/n on input line 16.
LaTeX Font Info:    ... okay on input line 16.
LaTeX Font Info:    Checking defaults for PD1/pdf/m/n on input line 16.
LaTeX Font Info:    ... okay on input line 16.
LaTeX Font Info:    Checking defaults for PU/pdf/m/n on input line 16.
LaTeX Font Info:    ... okay on input line 16.
LaTeX Info: Redefining \. on input line 16.
LaTeX Info: Redefining \% on input line 16.
\c@lstlisting=\count309

(C:\Program Files\MiKTeX 2.9\tex/context/base/mkii\supp-pdf.mkii
[Loading MPS to PDF converter (version 2006.09.02).]
\scratchcounter=\count310
\scratchdimen=\dimen167
\scratchbox=\box62
\nofMPsegments=\count311
\nofMParguments=\count312
\everyMPshowfont=\toks25
\MPscratchCnt=\count313
\MPscratchDim=\dimen168
\MPnumerator=\count314
\makeMPintoPDFobject=\count315
\everyMPtoPDFconversion=\toks26
) (C:\Program Files\MiKTeX 2.9\tex/latex/epstopdf-pkg\epstopdf-base.sty
Package: epstopdf-base 2020-01-24 v2.11 Base part for package epstopdf
Package epstopdf-base Info: Redefining graphics rule for `.eps' on input line 4
85.

(C:\Program Files\MiKTeX 2.9\tex/latex/00miktex\epstopdf-sys.cfg
File: epstopdf-sys.cfg 2021/03/18 v2.0 Configuration of epstopdf for MiKTeX
))
Package hyperref Info: Link coloring ON on input line 16.

(C:\Program Files\MiKTeX 2.9\tex/latex/hyperref\nameref.sty
Package: nameref 2021-04-02 v2.47 Cross-referencing by name of section

(C:\Program Files\MiKTeX 2.9\tex/latex/refcount\refcount.sty
Package: refcount 2019/12/15 v3.6 Data extraction from label references (HO)
)
(C:\Program Files\MiKTeX 2.9\tex/generic/gettitlestring\gettitlestring.sty
Package: gettitlestring 2019/12/15 v1.6 Cleanup title references (HO)
)
\c@section@level=\count316
)
LaTeX Info: Redefining \ref on input line 16.
LaTeX Info: Redefining \pageref on input line 16.
LaTeX Info: Redefining \nameref on input line 16.

(IBM_Capstone - La Batalla de los Vecindarios (Semana 1).out)
(IBM_Capstone - La Batalla de los Vecindarios (Semana 1).out)
\@outlinefile=\write5
\openout5 = `"IBM_Capstone - La Batalla de los Vecindarios (Semana 1).out"'.

LaTeX Font Info:    External font `cmex10' loaded for size
(Font)              <12> on input line 21.
LaTeX Font Info:    External font `cmex10' loaded for size
(Font)              <8> on input line 21.
LaTeX Font Info:    External font `cmex10' loaded for size
(Font)              <6> on input line 21.

(IBM_Capstone - La Batalla de los Vecindarios (Semana 1).toc
LaTeX Info: Redefining \. on input line 1.
LaTeX Info: Redefining \% on input line 1.
LaTeX Font Info:    External font `cmex10' loaded for size
(Font)              <7> on input line 3.
LaTeX Font Info:    External font `cmex10' loaded for size
(Font)              <5> on input line 3.
)
\tf@toc=\write6
\openout6 = `"IBM_Capstone - La Batalla de los Vecindarios (Semana 1).toc"'.

 [1

{C:/Users/Ramiro Salaberry/AppData/Local/MiKTeX/2.9/pdftex/config/pdftex.map}]
<Toronto.jpg, id=76, 147.4308pt x 108.1641pt>
File: Toronto.jpg Graphic file (type jpg)
<use Toronto.jpg>
Package pdftex.def Info: Toronto.jpg  used on input line 43.
(pdftex.def)             Requested size: 284.5734pt x 199.18277pt.
<parrillada.jpg, id=77, 225.84375pt x 225.84375pt>
File: parrillada.jpg Graphic file (type jpg)
<use parrillada.jpg>
Package pdftex.def Info: parrillada.jpg  used on input line 55.
(pdftex.def)             Requested size: 284.5646pt x 199.18076pt.


LaTeX Warning: `h' float specifier changed to `ht'.

[2 <./Toronto.jpg>] [3 <./parrillada.jpg>]
\openout3 = `IBM_Capstone_-_La_Batalla_de_los_Vecindarios_(Semana_1).pyg'.

runsystem(pygmentize -S default -f latex -P commandprefix=PYG > IBM_Capstone_-_
La_Batalla_de_los_Vecindarios_(Semana_1).out.pyg)...executed.


(IBM_Capstone_-_La_Batalla_de_los_Vecindarios_(Semana_1).out.pyg)
runsystem(pygmentize -S default -f latex -P commandprefix=PYGdefault > IBM_Caps
tone_-_La_Batalla_de_los_Vecindarios_(Semana_1).out.pyg)...executed.


(IBM_Capstone_-_La_Batalla_de_los_Vecindarios_(Semana_1).out.pyg)
runsystem(pygmentize -l python -f latex -P commandprefix=PYG -F tokenmerge -P p
ython3=True -o IBM_Capstone_-_La_Batalla_de_los_Vecindarios_(Semana_1).out.pyg 
IBM_Capstone_-_La_Batalla_de_los_Vecindarios_(Semana_1).pyg)...executed.


(IBM_Capstone_-_La_Batalla_de_los_Vecindarios_(Semana_1).out.pyg
LaTeX Font Info:    Trying to load font information for T1+cmtt on input line 1
.

(C:\Program Files\MiKTeX 2.9\tex/latex/base\t1cmtt.fd
File: t1cmtt.fd 2019/12/16 v2.5j Standard LaTeX font definitions
)
LaTeX Font Info:    Font shape `T1/cmtt/bx/n' in size <7> not available
(Font)              Font shape `T1/cmtt/m/n' tried instead on input line 3.
LaTeX Font Info:    Trying to load font information for TS1+cmtt on input line 
7.

(C:\Program Files\MiKTeX 2.9\tex/latex/base\ts1cmtt.fd
File: ts1cmtt.fd 2019/12/16 v2.5j Standard LaTeX font definitions
) [4])
\openout3 = `IBM_Capstone_-_La_Batalla_de_los_Vecindarios_(Semana_1).pyg'.

runsystem(pygmentize -l python -f latex -P commandprefix=PYG -F tokenmerge -P p
ython3=True -o IBM_Capstone_-_La_Batalla_de_los_Vecindarios_(Semana_1).out.pyg 
IBM_Capstone_-_La_Batalla_de_los_Vecindarios_(Semana_1).pyg)...executed.


(IBM_Capstone_-_La_Batalla_de_los_Vecindarios_(Semana_1).out.pyg)
\openout3 = `IBM_Capstone_-_La_Batalla_de_los_Vecindarios_(Semana_1).pyg'.

runsystem(pygmentize -l python -f latex -P commandprefix=PYG -F tokenmerge -P p
ython3=True -o IBM_Capstone_-_La_Batalla_de_los_Vecindarios_(Semana_1).out.pyg 
IBM_Capstone_-_La_Batalla_de_los_Vecindarios_(Semana_1).pyg)...executed.


(IBM_Capstone_-_La_Batalla_de_los_Vecindarios_(Semana_1).out.pyg [5])
<df1.png, id=113, 405.76593pt x 137.7647pt>
File: df1.png Graphic file (type png)
<use df1.png>
Package pdftex.def Info: df1.png  used on input line 192.
(pdftex.def)             Requested size: 202.88246pt x 68.88217pt.
\openout3 = `IBM_Capstone_-_La_Batalla_de_los_Vecindarios_(Semana_1).pyg'.

runsystem(pygmentize -l python -f latex -P commandprefix=PYG -F tokenmerge -P p
ython3=True -o IBM_Capstone_-_La_Batalla_de_los_Vecindarios_(Semana_1).out.pyg 
IBM_Capstone_-_La_Batalla_de_los_Vecindarios_(Semana_1).pyg)...executed.


(IBM_Capstone_-_La_Batalla_de_los_Vecindarios_(Semana_1).out.pyg [6 <./df1.png>
])
\openout3 = `IBM_Capstone_-_La_Batalla_de_los_Vecindarios_(Semana_1).pyg'.

runsystem(pygmentize -l python -f latex -P commandprefix=PYG -F tokenmerge -P p
ython3=True -o IBM_Capstone_-_La_Batalla_de_los_Vecindarios_(Semana_1).out.pyg 
IBM_Capstone_-_La_Batalla_de_los_Vecindarios_(Semana_1).pyg)...executed.

 (IBM_Capstone_-_La_Batalla_de_los_Vecindarios_(Semana_1).out.pyg)
<df2.png, id=122, 474.27188pt x 133.24782pt>
File: df2.png Graphic file (type png)
<use df2.png>
Package pdftex.def Info: df2.png  used on input line 248.
(pdftex.def)             Requested size: 237.13536pt x 66.62373pt.
\openout3 = `IBM_Capstone_-_La_Batalla_de_los_Vecindarios_(Semana_1).pyg'.

runsystem(pygmentize -l python -f latex -P commandprefix=PYG -F tokenmerge -P p
ython3=True -o IBM_Capstone_-_La_Batalla_de_los_Vecindarios_(Semana_1).out.pyg 
IBM_Capstone_-_La_Batalla_de_los_Vecindarios_(Semana_1).pyg)...executed.


(IBM_Capstone_-_La_Batalla_de_los_Vecindarios_(Semana_1).out.pyg)
<df3.png, id=123, 403.5075pt x 143.03438pt>
File: df3.png Graphic file (type png)
<use df3.png>
Package pdftex.def Info: df3.png  used on input line 266.
(pdftex.def)             Requested size: 201.75325pt x 71.517pt.


LaTeX Warning: `h' float specifier changed to `ht'.

\openout3 = `IBM_Capstone_-_La_Batalla_de_los_Vecindarios_(Semana_1).pyg'.

runsystem(pygmentize -l python -f latex -P commandprefix=PYG -F tokenmerge -P p
ython3=True -o IBM_Capstone_-_La_Batalla_de_los_Vecindarios_(Semana_1).out.pyg 
IBM_Capstone_-_La_Batalla_de_los_Vecindarios_(Semana_1).pyg)...executed.

(IBM_Capstone_-_La_Batalla_de_los_Vecindarios_(Semana_1).out.pyg [7 <./df2.png>
])
<map1.png, id=131, 745.28438pt x 389.95688pt>
File: map1.png Graphic file (type png)
<use map1.png>
Package pdftex.def Info: map1.png  used on input line 293.
(pdftex.def)             Requested size: 335.37488pt x 175.47896pt.
\openout3 = `IBM_Capstone_-_La_Batalla_de_los_Vecindarios_(Semana_1).pyg'.

runsystem(pygmentize -l python -f latex -P commandprefix=PYG -F tokenmerge -P p
ython3=True -o IBM_Capstone_-_La_Batalla_de_los_Vecindarios_(Semana_1).out.pyg 
IBM_Capstone_-_La_Batalla_de_los_Vecindarios_(Semana_1).pyg)...executed.

 (IBM_Capstone_-_La_Batalla_de_los_Vecindarios_(Semana_1).out.pyg [8 <./df3.png
> <./map1.png>])
\openout3 = `IBM_Capstone_-_La_Batalla_de_los_Vecindarios_(Semana_1).pyg'.

runsystem(pygmentize -l python -f latex -P commandprefix=PYG -F tokenmerge -P p
ython3=True -o IBM_Capstone_-_La_Batalla_de_los_Vecindarios_(Semana_1).out.pyg 
IBM_Capstone_-_La_Batalla_de_los_Vecindarios_(Semana_1).pyg)...executed.


(IBM_Capstone_-_La_Batalla_de_los_Vecindarios_(Semana_1).out.pyg)
\openout3 = `IBM_Capstone_-_La_Batalla_de_los_Vecindarios_(Semana_1).pyg'.

runsystem(pygmentize -l python -f latex -P commandprefix=PYG -F tokenmerge -P p
ython3=True -o IBM_Capstone_-_La_Batalla_de_los_Vecindarios_(Semana_1).out.pyg 
IBM_Capstone_-_La_Batalla_de_los_Vecindarios_(Semana_1).pyg)...executed.


(IBM_Capstone_-_La_Batalla_de_los_Vecindarios_(Semana_1).out.pyg)
\openout3 = `IBM_Capstone_-_La_Batalla_de_los_Vecindarios_(Semana_1).pyg'.

runsystem(pygmentize -l python -f latex -P commandprefix=PYG -F tokenmerge -P p
ython3=True -o IBM_Capstone_-_La_Batalla_de_los_Vecindarios_(Semana_1).out.pyg 
IBM_Capstone_-_La_Batalla_de_los_Vecindarios_(Semana_1).pyg)...executed.


(IBM_Capstone_-_La_Batalla_de_los_Vecindarios_(Semana_1).out.pyg)
<df4.png, id=140, 645.16031pt x 135.50626pt>
File: df4.png Graphic file (type png)
<use df4.png>
Package pdftex.def Info: df4.png  used on input line 357.
(pdftex.def)             Requested size: 322.57936pt x 67.75294pt.
\openout3 = `IBM_Capstone_-_La_Batalla_de_los_Vecindarios_(Semana_1).pyg'.

runsystem(pygmentize -l python -f latex -P commandprefix=PYG -F tokenmerge -P p
ython3=True -o IBM_Capstone_-_La_Batalla_de_los_Vecindarios_(Semana_1).out.pyg 
IBM_Capstone_-_La_Batalla_de_los_Vecindarios_(Semana_1).pyg)...executed.


(IBM_Capstone_-_La_Batalla_de_los_Vecindarios_(Semana_1).out.pyg [9 <./df4.png>
])
<df5.png, id=147, 806.26219pt x 159.59625pt>
File: df5.png Graphic file (type png)
<use df5.png>
Package pdftex.def Info: df5.png  used on input line 368.
(pdftex.def)             Requested size: 322.49916pt x 63.83736pt.
\openout3 = `IBM_Capstone_-_La_Batalla_de_los_Vecindarios_(Semana_1).pyg'.

runsystem(pygmentize -l python -f latex -P commandprefix=PYG -F tokenmerge -P p
ython3=True -o IBM_Capstone_-_La_Batalla_de_los_Vecindarios_(Semana_1).out.pyg 
IBM_Capstone_-_La_Batalla_de_los_Vecindarios_(Semana_1).pyg)...executed.

 (IBM_Capstone_-_La_Batalla_de_los_Vecindarios_(Semana_1).out.pyg [10 <./df5.pn
g>])
<map2.png, id=154, 744.53156pt x 391.4625pt>
File: map2.png Graphic file (type png)
<use map2.png>
Package pdftex.def Info: map2.png  used on input line 425.
(pdftex.def)             Requested size: 335.0361pt x 176.1565pt.
\openout3 = `IBM_Capstone_-_La_Batalla_de_los_Vecindarios_(Semana_1).pyg'.

runsystem(pygmentize -l python -f latex -P commandprefix=PYG -F tokenmerge -P p
ython3=True -o IBM_Capstone_-_La_Batalla_de_los_Vecindarios_(Semana_1).out.pyg 
IBM_Capstone_-_La_Batalla_de_los_Vecindarios_(Semana_1).pyg)...executed.

 (IBM_Capstone_-_La_Batalla_de_los_Vecindarios_(Semana_1).out.pyg)
<graf1.png, id=155, 403.5075pt x 316.18124pt>
File: graf1.png Graphic file (type png)
<use graf1.png>
Package pdftex.def Info: graf1.png  used on input line 457.
(pdftex.def)             Requested size: 181.57669pt x 142.28024pt.

[11 <./map2.png>]
\openout3 = `IBM_Capstone_-_La_Batalla_de_los_Vecindarios_(Semana_1).pyg'.

runsystem(pygmentize -l python -f latex -P commandprefix=PYG -F tokenmerge -P p
ython3=True -o IBM_Capstone_-_La_Batalla_de_los_Vecindarios_(Semana_1).out.pyg 
IBM_Capstone_-_La_Batalla_de_los_Vecindarios_(Semana_1).pyg)...executed.


(IBM_Capstone_-_La_Batalla_de_los_Vecindarios_(Semana_1).out.pyg)
\openout3 = `IBM_Capstone_-_La_Batalla_de_los_Vecindarios_(Semana_1).pyg'.

runsystem(pygmentize -l python -f latex -P commandprefix=PYG -F tokenmerge -P p
ython3=True -o IBM_Capstone_-_La_Batalla_de_los_Vecindarios_(Semana_1).out.pyg 
IBM_Capstone_-_La_Batalla_de_los_Vecindarios_(Semana_1).pyg)...executed.


(IBM_Capstone_-_La_Batalla_de_los_Vecindarios_(Semana_1).out.pyg)
<map3.png, id=162, 743.77875pt x 388.45125pt>
File: map3.png Graphic file (type png)
<use map3.png>
Package pdftex.def Info: map3.png  used on input line 510.
(pdftex.def)             Requested size: 334.69734pt x 174.80144pt.
 [12 <./graf1.png>]
\openout3 = `IBM_Capstone_-_La_Batalla_de_los_Vecindarios_(Semana_1).pyg'.

runsystem(pygmentize -l python -f latex -P commandprefix=PYG -F tokenmerge -P p
ython3=True -o IBM_Capstone_-_La_Batalla_de_los_Vecindarios_(Semana_1).out.pyg 
IBM_Capstone_-_La_Batalla_de_los_Vecindarios_(Semana_1).pyg)...executed.

 (IBM_Capstone_-_La_Batalla_de_los_Vecindarios_(Semana_1).out.pyg)
Overfull \hbox (1.48273pt too wide) in paragraph at lines 523--535
[] 
 []

\openout3 = `IBM_Capstone_-_La_Batalla_de_los_Vecindarios_(Semana_1).pyg'.

runsystem(pygmentize -l python -f latex -P commandprefix=PYG -F tokenmerge -P p
ython3=True -o IBM_Capstone_-_La_Batalla_de_los_Vecindarios_(Semana_1).out.pyg 
IBM_Capstone_-_La_Batalla_de_los_Vecindarios_(Semana_1).pyg)...executed.

(IBM_Capstone_-_La_Batalla_de_los_Vecindarios_(Semana_1).out.pyg)
\openout3 = `IBM_Capstone_-_La_Batalla_de_los_Vecindarios_(Semana_1).pyg'.

runsystem(pygmentize -l python -f latex -P commandprefix=PYG -F tokenmerge -P p
ython3=True -o IBM_Capstone_-_La_Batalla_de_los_Vecindarios_(Semana_1).out.pyg 
IBM_Capstone_-_La_Batalla_de_los_Vecindarios_(Semana_1).pyg)...executed.


(IBM_Capstone_-_La_Batalla_de_los_Vecindarios_(Semana_1).out.pyg [13 <./map3.pn
g>])
<df6.png, id=176, 804.00375pt x 180.675pt>
File: df6.png Graphic file (type png)
<use df6.png>
Package pdftex.def Info: df6.png  used on input line 599.
(pdftex.def)             Requested size: 321.59581pt x 72.2687pt.
\openout3 = `IBM_Capstone_-_La_Batalla_de_los_Vecindarios_(Semana_1).pyg'.

runsystem(pygmentize -l python -f latex -P commandprefix=PYG -F tokenmerge -P p
ython3=True -o IBM_Capstone_-_La_Batalla_de_los_Vecindarios_(Semana_1).out.pyg 
IBM_Capstone_-_La_Batalla_de_los_Vecindarios_(Semana_1).pyg)...executed.

 (IBM_Capstone_-_La_Batalla_de_los_Vecindarios_(Semana_1).out.pyg [14 <./df6.pn
g>])
<df7.png, id=183, 779.91376pt x 79.79813pt>
File: df7.png Graphic file (type png)
<use df7.png>
Package pdftex.def Info: df7.png  used on input line 624.
(pdftex.def)             Requested size: 311.95998pt x 31.91867pt.
\openout3 = `IBM_Capstone_-_La_Batalla_de_los_Vecindarios_(Semana_1).pyg'.

runsystem(pygmentize -l python -f latex -P commandprefix=PYG -F tokenmerge -P p
ython3=True -o IBM_Capstone_-_La_Batalla_de_los_Vecindarios_(Semana_1).out.pyg 
IBM_Capstone_-_La_Batalla_de_los_Vecindarios_(Semana_1).pyg)...executed.

 (IBM_Capstone_-_La_Batalla_de_los_Vecindarios_(Semana_1).out.pyg)
<map4.png, id=184, 746.03719pt x 391.4625pt>
File: map4.png Graphic file (type png)
<use map4.png>
Package pdftex.def Info: map4.png  used on input line 663.
(pdftex.def)             Requested size: 335.71362pt x 176.1565pt.

[15 <./df7.png>]
<df8.png, id=191, 807.015pt x 204.765pt>
File: df8.png Graphic file (type png)
<use df8.png>
Package pdftex.def Info: df8.png  used on input line 671.
(pdftex.def)             Requested size: 363.1534pt x 92.14339pt.

Overfull \hbox (18.1534pt too wide) in paragraph at lines 671--672
 [][] 
 []

<df9.png, id=192, 813.0375pt x 215.30438pt>
File: df9.png Graphic file (type png)
<use df9.png>
Package pdftex.def Info: df9.png  used on input line 677.
(pdftex.def)             Requested size: 365.8635pt x 96.88606pt.

Overfull \hbox (20.8635pt too wide) in paragraph at lines 677--678
 [][] 
 []

<df10.png, id=193, 807.7678pt x 201.75375pt>
File: df10.png Graphic file (type png)
<use df10.png>
Package pdftex.def Info: df10.png  used on input line 683.
(pdftex.def)             Requested size: 363.49214pt x 90.78835pt.

Overfull \hbox (18.49214pt too wide) in paragraph at lines 683--684
 [][] 
 []

[16 <./map4.png> <./df8.png> <./df9.png>] [17 <./df10.png>] [18]
(IBM_Capstone - La Batalla de los Vecindarios (Semana 1).aux
LaTeX Info: Redefining \. on input line 25.
LaTeX Info: Redefining \% on input line 25.
)
Package rerunfilecheck Info: File `"IBM_Capstone - La Batalla de los Vecindario
s (Semana 1)".out' has not changed.
(rerunfilecheck)             Checksum: 12F0524B69FF32CFAA3E5640BA2DF42C;2705.
runsystem(del IBM_Capstone_-_La_Batalla_de_los_Vecindarios_(Semana_1).pyg)...ex
ecuted.

runsystem(del IBM_Capstone_-_La_Batalla_de_los_Vecindarios_(Semana_1).out.pyg).
..executed.

 ) 
Here is how much of TeX's memory you used:
 14828 strings out of 478813
 238956 string characters out of 2855011
 624030 words of memory out of 3000000
 32474 multiletter control sequences out of 15000+600000
 416555 words of font info for 52 fonts, out of 8000000 for 9000
 1141 hyphenation exceptions out of 8191
 75i,9n,81p,758b,688s stack positions out of 5000i,500n,10000p,200000b,80000s
 <C:\Users\Ramiro Salaberry\AppData\Local\MiKTeX\2.9\fonts/pk/ljfour/jknappen
/ec/dpi600\ecti1000.pk> <C:\Users\Ramiro Salaberry\AppData\Local\MiKTeX\2.9\fon
ts/pk/ljfour/jknappen/ec/dpi525\tctt0800.pk> <C:\Users\Ramiro Salaberry\AppData
\Local\MiKTeX\2.9\fonts/pk/ljfour/jknappen/ec/dpi525\ectt0800.pk> <C:\Users\Ram
iro Salaberry\AppData\Local\MiKTeX\2.9\fonts/pk/ljfour/jknappen/ec/dpi525\ecit0
800.pk> <C:\Users\Ramiro Salaberry\AppData\Local\MiKTeX\2.9\fonts/pk/ljfour/jkn
appen/ec/dpi600\ecbx1200.pk> <C:\Users\Ramiro Salaberry\AppData\Local\MiKTeX\2.
9\fonts/pk/ljfour/jknappen/ec/dpi600\ecrm1000.pk> <C:\Users\Ramiro Salaberry\Ap
pData\Local\MiKTeX\2.9\fonts/pk/ljfour/jknappen/ec/dpi600\ecbx1000.pk> <C:\User
s\Ramiro Salaberry\AppData\Local\MiKTeX\2.9\fonts/pk/ljfour/jknappen/ec/dpi600\
ecbx1440.pk> <C:\Users\Ramiro Salaberry\AppData\Local\MiKTeX\2.9\fonts/pk/ljfou
r/jknappen/ec/dpi600\ecrm0900.pk> <C:\Users\Ramiro Salaberry\AppData\Local\MiKT
eX\2.9\fonts/pk/ljfour/jknappen/ec/dpi600\ecbx0900.pk> <C:\Users\Ramiro Salaber
ry\AppData\Local\MiKTeX\2.9\fonts/pk/ljfour/jknappen/ec/dpi600\ecrm1200.pk> <C:
\Users\Ramiro Salaberry\AppData\Local\MiKTeX\2.9\fonts/pk/ljfour/jknappen/ec/dp
i600\ecrm1728.pk><C:/Program Files/MiKTeX 2.9/fonts/type1/public/amsfonts/cm/cm
mi5.pfb><C:/Program Files/MiKTeX 2.9/fonts/type1/public/amsfonts/cm/cmsy5.pfb>
Output written on "IBM_Capstone - La Batalla de los Vecindarios (Semana 1).pdf"
 (18 pages, 1956740 bytes).
PDF statistics:
 739 PDF objects out of 1000 (max. 8388607)
 49 named destinations out of 1000 (max. 500000)
 182 words of extra memory for PDF output out of 10000 (max. 10000000)

